2026-04-09 11:26:57,803 [WARNING] werkzeug _internal:96 —  * Debugger is active!
2026-04-09 11:27:55,206 [ERROR] app app:172 — Unhandled exception on GET /favicon.ico
Traceback (most recent call last):
  File "C:\Users\Shubham\AppData\Local\Programs\Python\Python311\Lib\site-packages\flask\app.py", line 867, in full_dispatch_request
    rv = self.dispatch_request()
         ^^^^^^^^^^^^^^^^^^^^^^^
  File "C:\Users\Shubham\AppData\Local\Programs\Python\Python311\Lib\site-packages\flask\app.py", line 841, in dispatch_request
    self.raise_routing_exception(req)
  File "C:\Users\Shubham\AppData\Local\Programs\Python\Python311\Lib\site-packages\flask\app.py", line 450, in raise_routing_exception
    raise request.routing_exception  # type: ignore
    ^^^^^^^^^^^^^^^^^^^^^^^^^^^^^^^
  File "C:\Users\Shubham\AppData\Local\Programs\Python\Python311\Lib\site-packages\flask\ctx.py", line 353, in match_request
    result = self.url_adapter.match(return_rule=True)  # type: ignore
             ^^^^^^^^^^^^^^^^^^^^^^^^^^^^^^^^^^^^^^^^
  File "C:\Users\Shubham\AppData\Local\Programs\Python\Python311\Lib\site-packages\werkzeug\routing\map.py", line 624, in match
    raise NotFound() from None
werkzeug.exceptions.NotFound: 404 Not Found: The requested URL was not found on the server. If you entered the URL manually please check your spelling and try again.

2026-04-09 11:27:55,206 [ERROR] app app:172 — Unhandled exception on GET /favicon.ico
Traceback (most recent call last):
  File "C:\Users\Shubham\AppData\Local\Programs\Python\Python311\Lib\site-packages\flask\app.py", line 867, in full_dispatch_request
    rv = self.dispatch_request()
         ^^^^^^^^^^^^^^^^^^^^^^^
  File "C:\Users\Shubham\AppData\Local\Programs\Python\Python311\Lib\site-packages\flask\app.py", line 841, in dispatch_request
    self.raise_routing_exception(req)
  File "C:\Users\Shubham\AppData\Local\Programs\Python\Python311\Lib\site-packages\flask\app.py", line 450, in raise_routing_exception
    raise request.routing_exception  # type: ignore
    ^^^^^^^^^^^^^^^^^^^^^^^^^^^^^^^
  File "C:\Users\Shubham\AppData\Local\Programs\Python\Python311\Lib\site-packages\flask\ctx.py", line 353, in match_request
    result = self.url_adapter.match(return_rule=True)  # type: ignore
             ^^^^^^^^^^^^^^^^^^^^^^^^^^^^^^^^^^^^^^^^
  File "C:\Users\Shubham\AppData\Local\Programs\Python\Python311\Lib\site-packages\werkzeug\routing\map.py", line 624, in match
    raise NotFound() from None
werkzeug.exceptions.NotFound: 404 Not Found: The requested URL was not found on the server. If you entered the URL manually please check your spelling and try again.

2026-04-09 11:27:59,731 [WARNING] werkzeug _internal:96 —  * Debugger is active!
2026-04-09 11:50:12,475 [WARNING] werkzeug _internal:96 —  * Debugger is active!
2026-04-09 12:37:21,312 [WARNING] werkzeug _internal:96 —  * Debugger is active!
2026-04-09 12:37:49,886 [WARNING] werkzeug _internal:96 —  * Debugger is active!
2026-04-09 12:40:41,899 [ERROR] app app:172 — Unhandled exception on GET /api/module/FIN01/eu-lines/Customer/31
Traceback (most recent call last):
  File "C:\Users\Shubham\AppData\Local\Programs\Python\Python311\Lib\site-packages\flask\app.py", line 867, in full_dispatch_request
    rv = self.dispatch_request()
         ^^^^^^^^^^^^^^^^^^^^^^^
  File "C:\Users\Shubham\AppData\Local\Programs\Python\Python311\Lib\site-packages\flask\app.py", line 841, in dispatch_request
    self.raise_routing_exception(req)
  File "C:\Users\Shubham\AppData\Local\Programs\Python\Python311\Lib\site-packages\flask\app.py", line 450, in raise_routing_exception
    raise request.routing_exception  # type: ignore
    ^^^^^^^^^^^^^^^^^^^^^^^^^^^^^^^
  File "C:\Users\Shubham\AppData\Local\Programs\Python\Python311\Lib\site-packages\flask\ctx.py", line 353, in match_request
    result = self.url_adapter.match(return_rule=True)  # type: ignore
             ^^^^^^^^^^^^^^^^^^^^^^^^^^^^^^^^^^^^^^^^
  File "C:\Users\Shubham\AppData\Local\Programs\Python\Python311\Lib\site-packages\werkzeug\routing\map.py", line 624, in match
    raise NotFound() from None
werkzeug.exceptions.NotFound: 404 Not Found: The requested URL was not found on the server. If you entered the URL manually please check your spelling and try again.

2026-04-09 12:40:41,899 [ERROR] app app:172 — Unhandled exception on GET /api/module/FIN01/eu-lines/Customer/31
Traceback (most recent call last):
  File "C:\Users\Shubham\AppData\Local\Programs\Python\Python311\Lib\site-packages\flask\app.py", line 867, in full_dispatch_request
    rv = self.dispatch_request()
         ^^^^^^^^^^^^^^^^^^^^^^^
  File "C:\Users\Shubham\AppData\Local\Programs\Python\Python311\Lib\site-packages\flask\app.py", line 841, in dispatch_request
    self.raise_routing_exception(req)
  File "C:\Users\Shubham\AppData\Local\Programs\Python\Python311\Lib\site-packages\flask\app.py", line 450, in raise_routing_exception
    raise request.routing_exception  # type: ignore
    ^^^^^^^^^^^^^^^^^^^^^^^^^^^^^^^
  File "C:\Users\Shubham\AppData\Local\Programs\Python\Python311\Lib\site-packages\flask\ctx.py", line 353, in match_request
    result = self.url_adapter.match(return_rule=True)  # type: ignore
             ^^^^^^^^^^^^^^^^^^^^^^^^^^^^^^^^^^^^^^^^
  File "C:\Users\Shubham\AppData\Local\Programs\Python\Python311\Lib\site-packages\werkzeug\routing\map.py", line 624, in match
    raise NotFound() from None
werkzeug.exceptions.NotFound: 404 Not Found: The requested URL was not found on the server. If you entered the URL manually please check your spelling and try again.

2026-04-09 12:40:45,464 [WARNING] werkzeug _internal:96 —  * Debugger is active!
2026-04-09 12:45:27,001 [WARNING] werkzeug _internal:96 —  * Debugger is active!
2026-04-09 12:47:35,055 [WARNING] werkzeug _internal:96 —  * Debugger is active!
